[illuminance_controller_agent] Try to achieve Z1Level=2 and Z2Level=1
[lab] [TDHttpRequest] Method: GET, Target: https://api.interactions.ics.unisg.ch/was/rl/status, Content-Type: application/json, X-Agent-WebID: http://hyperagents.org/illuminance_controller_agent, X-Agent-LocalName: illuminance_controller_agent
[illuminance_controller_agent] Current state tags: ["http://example.org/was#Z2Level","http://example.org/was#EnergyCost","http://example.org/was#Z1Blinds","http://example.org/was#Sunshine","http://example.org/was#Z2Light","http://example.org/was#Z1Light","http://example.org/was#TotalEnergyCost","http://example.org/was#Z2Blinds","http://example.org/was#Z1Level"]
[illuminance_controller_agent] Current state: [103.3333282,100,false,1159.68,false,true,183495,false,216.6666565]
State vector: [2, 2, 1, 0, 0, 0, 3]
[illuminance_controller_agent] Next action: http://example.org/was#SetZ1Light with payload: ["Z1Light"] and [false]
[lab] [TDHttpRequest] Method: POST, Target: https://api.interactions.ics.unisg.ch/was/rl/action, Content-Type: application/json, X-Agent-WebID: http://hyperagents.org/illuminance_controller_agent, X-Agent-LocalName: illuminance_controller_agent, Payload: {"Z1Light":false}
[lab] [TDHttpRequest] Method: GET, Target: https://api.interactions.ics.unisg.ch/was/rl/status, Content-Type: application/json, X-Agent-WebID: http://hyperagents.org/illuminance_controller_agent, X-Agent-LocalName: illuminance_controller_agent
Checking Goal: Raw values : 216.6666565, 103.3333282
Checking Goal with parsed values: 2 == 2 && 2 == 1
[illuminance_controller_agent] Goal reached?: false
[illuminance_controller_agent] Goal not reached yet.
[illuminance_controller_agent] Try to achieve Z1Level=2 and Z2Level=1
[lab] [TDHttpRequest] Method: GET, Target: https://api.interactions.ics.unisg.ch/was/rl/status, Content-Type: application/json, X-Agent-WebID: http://hyperagents.org/illuminance_controller_agent, X-Agent-LocalName: illuminance_controller_agent
[illuminance_controller_agent] Current state tags: ["http://example.org/was#Z2Level","http://example.org/was#EnergyCost","http://example.org/was#Z1Blinds","http://example.org/was#Sunshine","http://example.org/was#Z2Light","http://example.org/was#Z1Light","http://example.org/was#TotalEnergyCost","http://example.org/was#Z2Blinds","http://example.org/was#Z1Level"]
[illuminance_controller_agent] Current state: [103.3333282,100,false,1159.68,false,true,183501,false,216.6666565]
State vector: [2, 2, 1, 0, 0, 0, 3]
[illuminance_controller_agent] Next action: http://example.org/was#SetZ1Light with payload: ["Z1Light"] and [false]
[lab] [TDHttpRequest] Method: POST, Target: https://api.interactions.ics.unisg.ch/was/rl/action, Content-Type: application/json, X-Agent-WebID: http://hyperagents.org/illuminance_controller_agent, X-Agent-LocalName: illuminance_controller_agent, Payload: {"Z1Light":false}
[lab] [TDHttpRequest] Method: GET, Target: https://api.interactions.ics.unisg.ch/was/rl/status, Content-Type: application/json, X-Agent-WebID: http://hyperagents.org/illuminance_controller_agent, X-Agent-LocalName: illuminance_controller_agent
Checking Goal: Raw values : 171.6666565, 99.99999237
Checking Goal with parsed values: 2 == 2 && 1 == 1
[illuminance_controller_agent] Goal reached?: true
[illuminance_controller_agent] Goal reached for [2,1]!
[illuminance_controller_agent] I will now stop.
[illuminance_controller_agent] ================END================